<?xml version="1.0" encoding="UTF-8"?>
<testng-results skipped="0" failed="0" ignored="0" total="1" passed="1">
  <reporter-output>
  </reporter-output>
  <suite name="Default suite" duration-ms="6244" started-at="2020-03-16T14:42:32 IST" finished-at="2020-03-16T14:42:38 IST">
    <groups>
    </groups>
    <test name="Default test" duration-ms="6244" started-at="2020-03-16T14:42:32 IST" finished-at="2020-03-16T14:42:38 IST">
      <class name="Scripts.Demo.RestAssured.TestRunner">
        <test-method status="PASS" signature="MyFirstTest()[pri:0, instance:Scripts.Demo.RestAssured.TestRunner@1e6d1014]" name="MyFirstTest" duration-ms="6172" started-at="2020-03-16T14:42:32 IST" finished-at="2020-03-16T14:42:38 IST">
          <reporter-output>
          </reporter-output>
        </test-method> <!-- MyFirstTest -->
      </class> <!-- Scripts.Demo.RestAssured.TestRunner -->
    </test> <!-- Default test -->
  </suite> <!-- Default suite -->
</testng-results>
